{"/Users/rhettbeardemphl/Desktop/Code Projects/resty/src/App.jsx": {"path":"/Users/rhettbeardemphl/Desktop/Code Projects/resty/src/App.jsx","statementMap":{"0":{"start":{"line":17,"column":26},"end":{"line":17,"column":36}},"1":{"start":{"line":18,"column":30},"end":{"line":18,"column":40}},"2":{"start":{"line":19,"column":44},"end":{"line":19,"column":56}},"3":{"start":{"line":20,"column":46},"end":{"line":20,"column":61}},"4":{"start":{"line":21,"column":40},"end":{"line":21,"column":55}},"5":{"start":{"line":23,"column":18},"end":{"line":80,"column":3}},"6":{"start":{"line":24,"column":17},"end":{"line":24,"column":46}},"7":{"start":{"line":25,"column":4},"end":{"line":77,"column":5}},"8":{"start":{"line":26,"column":6},"end":{"line":35,"column":9}},"9":{"start":{"line":29,"column":10},"end":{"line":29,"column":37}},"10":{"start":{"line":30,"column":10},"end":{"line":30,"column":33}},"11":{"start":{"line":33,"column":8},"end":{"line":33,"column":30}},"12":{"start":{"line":34,"column":8},"end":{"line":34,"column":21}},"13":{"start":{"line":36,"column":11},"end":{"line":77,"column":5}},"14":{"start":{"line":37,"column":19},"end":{"line":37,"column":63}},"15":{"start":{"line":39,"column":6},"end":{"line":54,"column":7}},"16":{"start":{"line":40,"column":6},"end":{"line":49,"column":8}},"17":{"start":{"line":46,"column":10},"end":{"line":46,"column":37}},"18":{"start":{"line":47,"column":10},"end":{"line":47,"column":33}},"19":{"start":{"line":48,"column":10},"end":{"line":48,"column":28}},"20":{"start":{"line":51,"column":8},"end":{"line":51,"column":39}},"21":{"start":{"line":52,"column":8},"end":{"line":52,"column":30}},"22":{"start":{"line":53,"column":8},"end":{"line":53,"column":21}},"23":{"start":{"line":55,"column":11},"end":{"line":77,"column":5}},"24":{"start":{"line":56,"column":6},"end":{"line":65,"column":9}},"25":{"start":{"line":59,"column":10},"end":{"line":59,"column":37}},"26":{"start":{"line":60,"column":10},"end":{"line":60,"column":33}},"27":{"start":{"line":63,"column":8},"end":{"line":63,"column":30}},"28":{"start":{"line":64,"column":8},"end":{"line":64,"column":21}},"29":{"start":{"line":66,"column":11},"end":{"line":77,"column":5}},"30":{"start":{"line":67,"column":6},"end":{"line":76,"column":9}},"31":{"start":{"line":70,"column":10},"end":{"line":70,"column":37}},"32":{"start":{"line":71,"column":10},"end":{"line":71,"column":33}},"33":{"start":{"line":74,"column":8},"end":{"line":74,"column":30}},"34":{"start":{"line":75,"column":8},"end":{"line":75,"column":21}},"35":{"start":{"line":78,"column":4},"end":{"line":78,"column":28}},"36":{"start":{"line":79,"column":4},"end":{"line":79,"column":31}},"37":{"start":{"line":82,"column":4},"end":{"line":91,"column":6}}},"fnMap":{"0":{"name":"App","decl":{"start":{"line":15,"column":9},"end":{"line":15,"column":12}},"loc":{"start":{"line":15,"column":16},"end":{"line":92,"column":1}},"line":15},"1":{"name":"(anonymous_1)","decl":{"start":{"line":23,"column":18},"end":{"line":23,"column":19}},"loc":{"start":{"line":23,"column":32},"end":{"line":80,"column":3}},"line":23},"2":{"name":"(anonymous_2)","decl":{"start":{"line":27,"column":14},"end":{"line":27,"column":15}},"loc":{"start":{"line":27,"column":26},"end":{"line":31,"column":7}},"line":27},"3":{"name":"(anonymous_3)","decl":{"start":{"line":31,"column":15},"end":{"line":31,"column":16}},"loc":{"start":{"line":31,"column":22},"end":{"line":35,"column":7}},"line":31},"4":{"name":"(anonymous_4)","decl":{"start":{"line":44,"column":14},"end":{"line":44,"column":15}},"loc":{"start":{"line":44,"column":26},"end":{"line":49,"column":7}},"line":44},"5":{"name":"(anonymous_5)","decl":{"start":{"line":57,"column":14},"end":{"line":57,"column":15}},"loc":{"start":{"line":57,"column":26},"end":{"line":61,"column":7}},"line":57},"6":{"name":"(anonymous_6)","decl":{"start":{"line":61,"column":15},"end":{"line":61,"column":16}},"loc":{"start":{"line":61,"column":22},"end":{"line":65,"column":7}},"line":61},"7":{"name":"(anonymous_7)","decl":{"start":{"line":68,"column":14},"end":{"line":68,"column":15}},"loc":{"start":{"line":68,"column":26},"end":{"line":72,"column":7}},"line":68},"8":{"name":"(anonymous_8)","decl":{"start":{"line":72,"column":15},"end":{"line":72,"column":16}},"loc":{"start":{"line":72,"column":22},"end":{"line":76,"column":7}},"line":72}},"branchMap":{"0":{"loc":{"start":{"line":25,"column":4},"end":{"line":77,"column":5}},"type":"if","locations":[{"start":{"line":25,"column":4},"end":{"line":77,"column":5}},{"start":{"line":36,"column":11},"end":{"line":77,"column":5}}],"line":25},"1":{"loc":{"start":{"line":36,"column":11},"end":{"line":77,"column":5}},"type":"if","locations":[{"start":{"line":36,"column":11},"end":{"line":77,"column":5}},{"start":{"line":55,"column":11},"end":{"line":77,"column":5}}],"line":36},"2":{"loc":{"start":{"line":55,"column":11},"end":{"line":77,"column":5}},"type":"if","locations":[{"start":{"line":55,"column":11},"end":{"line":77,"column":5}},{"start":{"line":66,"column":11},"end":{"line":77,"column":5}}],"line":55},"3":{"loc":{"start":{"line":66,"column":11},"end":{"line":77,"column":5}},"type":"if","locations":[{"start":{"line":66,"column":11},"end":{"line":77,"column":5}},{"start":{},"end":{}}],"line":66},"4":{"loc":{"start":{"line":86,"column":9},"end":{"line":86,"column":103}},"type":"binary-expr","locations":[{"start":{"line":86,"column":9},"end":{"line":86,"column":23}},{"start":{"line":86,"column":27},"end":{"line":86,"column":103}}],"line":86},"5":{"loc":{"start":{"line":87,"column":9},"end":{"line":87,"column":92}},"type":"binary-expr","locations":[{"start":{"line":87,"column":9},"end":{"line":87,"column":23}},{"start":{"line":87,"column":27},"end":{"line":87,"column":92}}],"line":87},"6":{"loc":{"start":{"line":88,"column":9},"end":{"line":88,"column":92}},"type":"binary-expr","locations":[{"start":{"line":88,"column":9},"end":{"line":88,"column":23}},{"start":{"line":88,"column":27},"end":{"line":88,"column":92}}],"line":88}},"s":{"0":3,"1":3,"2":3,"3":3,"4":3,"5":3,"6":1,"7":1,"8":1,"9":0,"10":0,"11":0,"12":0,"13":0,"14":0,"15":0,"16":0,"17":0,"18":0,"19":0,"20":0,"21":0,"22":0,"23":0,"24":0,"25":0,"26":0,"27":0,"28":0,"29":0,"30":0,"31":0,"32":0,"33":0,"34":0,"35":0,"36":0,"37":3},"f":{"0":3,"1":1,"2":0,"3":0,"4":0,"5":0,"6":0,"7":0,"8":0},"b":{"0":[1,0],"1":[0,0],"2":[0,0],"3":[0,0],"4":[3,0],"5":[3,0],"6":[3,0]},"_coverageSchema":"1a1c01bbd47fc00a2c39e90264f33305004495a9","hash":"af228b32221ccefe0d1322d865764a5daab4d1b8"}
,"/Users/rhettbeardemphl/Desktop/Code Projects/resty/src/Components/Footer/index.jsx": {"path":"/Users/rhettbeardemphl/Desktop/Code Projects/resty/src/Components/Footer/index.jsx","statementMap":{"0":{"start":{"line":2,"column":4},"end":{"line":2,"column":40}}},"fnMap":{"0":{"name":"Footer","decl":{"start":{"line":1,"column":9},"end":{"line":1,"column":15}},"loc":{"start":{"line":1,"column":19},"end":{"line":3,"column":1}},"line":1}},"branchMap":{},"s":{"0":3},"f":{"0":3},"b":{},"_coverageSchema":"1a1c01bbd47fc00a2c39e90264f33305004495a9","hash":"d578280b32526a1a47966da51a9d157c1e42ca20"}
,"/Users/rhettbeardemphl/Desktop/Code Projects/resty/src/Components/Form/index.jsx": {"path":"/Users/rhettbeardemphl/Desktop/Code Projects/resty/src/Components/Form/index.jsx","statementMap":{"0":{"start":{"line":5,"column":30},"end":{"line":5,"column":45}},"1":{"start":{"line":6,"column":24},"end":{"line":6,"column":34}},"2":{"start":{"line":9,"column":23},"end":{"line":21,"column":3}},"3":{"start":{"line":10,"column":4},"end":{"line":10,"column":23}},"4":{"start":{"line":11,"column":4},"end":{"line":11,"column":31}},"5":{"start":{"line":12,"column":21},"end":{"line":15,"column":5}},"6":{"start":{"line":16,"column":4},"end":{"line":16,"column":34}},"7":{"start":{"line":18,"column":4},"end":{"line":20,"column":12}},"8":{"start":{"line":19,"column":6},"end":{"line":19,"column":34}},"9":{"start":{"line":23,"column":25},"end":{"line":39,"column":3}},"10":{"start":{"line":24,"column":4},"end":{"line":24,"column":34}},"11":{"start":{"line":25,"column":4},"end":{"line":25,"column":29}},"12":{"start":{"line":27,"column":4},"end":{"line":30,"column":7}},"13":{"start":{"line":28,"column":6},"end":{"line":28,"column":42}},"14":{"start":{"line":29,"column":6},"end":{"line":29,"column":33}},"15":{"start":{"line":32,"column":13},"end":{"line":32,"column":49}},"16":{"start":{"line":33,"column":4},"end":{"line":33,"column":50}},"17":{"start":{"line":34,"column":4},"end":{"line":34,"column":29}},"18":{"start":{"line":36,"column":4},"end":{"line":38,"column":5}},"19":{"start":{"line":37,"column":6},"end":{"line":37,"column":54}},"20":{"start":{"line":41,"column":23},"end":{"line":62,"column":3}},"21":{"start":{"line":42,"column":4},"end":{"line":42,"column":34}},"22":{"start":{"line":44,"column":4},"end":{"line":47,"column":7}},"23":{"start":{"line":45,"column":6},"end":{"line":45,"column":42}},"24":{"start":{"line":46,"column":6},"end":{"line":46,"column":33}},"25":{"start":{"line":49,"column":13},"end":{"line":49,"column":49}},"26":{"start":{"line":50,"column":4},"end":{"line":50,"column":50}},"27":{"start":{"line":51,"column":4},"end":{"line":51,"column":29}},"28":{"start":{"line":53,"column":4},"end":{"line":61,"column":5}},"29":{"start":{"line":54,"column":17},"end":{"line":54,"column":51}},"30":{"start":{"line":55,"column":6},"end":{"line":55,"column":30}},"31":{"start":{"line":56,"column":6},"end":{"line":56,"column":33}},"32":{"start":{"line":57,"column":6},"end":{"line":57,"column":33}},"33":{"start":{"line":58,"column":6},"end":{"line":58,"column":46}},"34":{"start":{"line":59,"column":19},"end":{"line":59,"column":50}},"35":{"start":{"line":60,"column":6},"end":{"line":60,"column":31}},"36":{"start":{"line":64,"column":4},"end":{"line":80,"column":6}},"37":{"start":{"line":69,"column":59},"end":{"line":69,"column":81}}},"fnMap":{"0":{"name":"Form","decl":{"start":{"line":4,"column":9},"end":{"line":4,"column":13}},"loc":{"start":{"line":4,"column":22},"end":{"line":81,"column":1}},"line":4},"1":{"name":"(anonymous_1)","decl":{"start":{"line":9,"column":23},"end":{"line":9,"column":24}},"loc":{"start":{"line":9,"column":28},"end":{"line":21,"column":3}},"line":9},"2":{"name":"(anonymous_2)","decl":{"start":{"line":18,"column":15},"end":{"line":18,"column":16}},"loc":{"start":{"line":18,"column":21},"end":{"line":20,"column":5}},"line":18},"3":{"name":"(anonymous_3)","decl":{"start":{"line":23,"column":25},"end":{"line":23,"column":26}},"loc":{"start":{"line":23,"column":30},"end":{"line":39,"column":3}},"line":23},"4":{"name":"(anonymous_4)","decl":{"start":{"line":27,"column":55},"end":{"line":27,"column":56}},"loc":{"start":{"line":27,"column":63},"end":{"line":30,"column":5}},"line":27},"5":{"name":"(anonymous_5)","decl":{"start":{"line":41,"column":23},"end":{"line":41,"column":24}},"loc":{"start":{"line":41,"column":28},"end":{"line":62,"column":3}},"line":41},"6":{"name":"(anonymous_6)","decl":{"start":{"line":44,"column":55},"end":{"line":44,"column":56}},"loc":{"start":{"line":44,"column":63},"end":{"line":47,"column":5}},"line":44},"7":{"name":"(anonymous_7)","decl":{"start":{"line":69,"column":52},"end":{"line":69,"column":53}},"loc":{"start":{"line":69,"column":59},"end":{"line":69,"column":81}},"line":69}},"branchMap":{"0":{"loc":{"start":{"line":36,"column":4},"end":{"line":38,"column":5}},"type":"if","locations":[{"start":{"line":36,"column":4},"end":{"line":38,"column":5}},{"start":{},"end":{}}],"line":36},"1":{"loc":{"start":{"line":53,"column":4},"end":{"line":61,"column":5}},"type":"if","locations":[{"start":{"line":53,"column":4},"end":{"line":61,"column":5}},{"start":{},"end":{}}],"line":53}},"s":{"0":3,"1":3,"2":3,"3":1,"4":1,"5":1,"6":1,"7":0,"8":0,"9":3,"10":0,"11":0,"12":0,"13":0,"14":0,"15":0,"16":0,"17":0,"18":0,"19":0,"20":3,"21":0,"22":0,"23":0,"24":0,"25":0,"26":0,"27":0,"28":0,"29":0,"30":0,"31":0,"32":0,"33":0,"34":0,"35":0,"36":3,"37":0},"f":{"0":3,"1":1,"2":0,"3":0,"4":0,"5":0,"6":0,"7":0},"b":{"0":[0,0],"1":[0,0]},"_coverageSchema":"1a1c01bbd47fc00a2c39e90264f33305004495a9","hash":"1707cbdbf8cdf07719f61c0f7e14db5ce7c0ecb5"}
,"/Users/rhettbeardemphl/Desktop/Code Projects/resty/src/Components/Header/index.jsx": {"path":"/Users/rhettbeardemphl/Desktop/Code Projects/resty/src/Components/Header/index.jsx","statementMap":{"0":{"start":{"line":2,"column":4},"end":{"line":6,"column":6}}},"fnMap":{"0":{"name":"Header","decl":{"start":{"line":1,"column":9},"end":{"line":1,"column":15}},"loc":{"start":{"line":1,"column":19},"end":{"line":7,"column":1}},"line":1}},"branchMap":{},"s":{"0":3},"f":{"0":3},"b":{},"_coverageSchema":"1a1c01bbd47fc00a2c39e90264f33305004495a9","hash":"187ce228236b01c99aab6d5ca5614c02c88bacd3"}
,"/Users/rhettbeardemphl/Desktop/Code Projects/resty/src/Components/Results/index.jsx": {"path":"/Users/rhettbeardemphl/Desktop/Code Projects/resty/src/Components/Results/index.jsx","statementMap":{"0":{"start":{"line":5,"column":4},"end":{"line":13,"column":6}}},"fnMap":{"0":{"name":"Results","decl":{"start":{"line":3,"column":9},"end":{"line":3,"column":16}},"loc":{"start":{"line":3,"column":25},"end":{"line":14,"column":1}},"line":3}},"branchMap":{"0":{"loc":{"start":{"line":9,"column":9},"end":{"line":9,"column":96}},"type":"binary-expr","locations":[{"start":{"line":9,"column":9},"end":{"line":9,"column":26}},{"start":{"line":9,"column":30},"end":{"line":9,"column":96}}],"line":9},"1":{"loc":{"start":{"line":10,"column":14},"end":{"line":10,"column":60}},"type":"binary-expr","locations":[{"start":{"line":10,"column":14},"end":{"line":10,"column":26}},{"start":{"line":10,"column":30},"end":{"line":10,"column":60}}],"line":10},"2":{"loc":{"start":{"line":11,"column":14},"end":{"line":11,"column":68}},"type":"binary-expr","locations":[{"start":{"line":11,"column":14},"end":{"line":11,"column":24}},{"start":{"line":11,"column":28},"end":{"line":11,"column":68}}],"line":11}},"s":{"0":0},"f":{"0":0},"b":{"0":[0,0],"1":[0,0],"2":[0,0]},"_coverageSchema":"1a1c01bbd47fc00a2c39e90264f33305004495a9","hash":"247fae20919290b169fc7c982f46022bb970d290"}
}
